<?xml version="1.0" encoding="UTF-8"?>
<!-- Generated by org.testng.reporters.JUnitReportReporter -->
<testsuite hostname="DESKTOP-JRLDGJM" failures="0" tests="1" name="restAPI.PostRequestWithFile" time="3.016" errors="0" timestamp="08 Jul 2023 05:15:40 GMT" skipped="0">
  <testcase classname="restAPI.PostRequestWithFile" name="test1" time="3.016"/>
</testsuite> <!-- restAPI.PostRequestWithFile -->
