<?xml version="1.0" encoding="UTF-8"?>
<!-- Generated by org.testng.reporters.JUnitReportReporter -->
<testsuite hostname="DESKTOP-JRLDGJM" failures="0" tests="1" name="springbootApp.PostNewEmployee" time="2.868" errors="0" timestamp="08 Jul 2023 06:39:31 GMT" skipped="0">
  <testcase classname="springbootApp.PostNewEmployee" name="test1" time="2.868"/>
</testsuite> <!-- springbootApp.PostNewEmployee -->
