<?xml version="1.0" encoding="UTF-8"?>
<!-- Generated by org.testng.reporters.JUnitReportReporter -->
<testsuite hostname="DESKTOP-JRLDGJM" failures="0" tests="1" name="restAPI.DeleteRequest" time="3.313" errors="0" timestamp="08 Jul 2023 05:59:13 GMT" skipped="0">
  <testcase classname="restAPI.DeleteRequest" name="test1" time="3.313"/>
</testsuite> <!-- restAPI.DeleteRequest -->
