<?xml version="1.0" encoding="UTF-8"?>
<!-- Generated by org.testng.reporters.JUnitReportReporter -->
<testsuite hostname="DESKTOP-JRLDGJM" failures="0" tests="1" name="restAPI.GetRequestWithParam" time="4.221" errors="0" timestamp="02 Jul 2023 07:15:17 GMT" skipped="0">
  <testcase classname="restAPI.GetRequestWithParam" name="test1" time="4.221"/>
</testsuite> <!-- restAPI.GetRequestWithParam -->
