<?xml version="1.0" encoding="UTF-8"?>
<!-- Generated by org.testng.reporters.JUnitReportReporter -->
<testsuite hostname="DESKTOP-JRLDGJM" failures="0" tests="1" name="restAPI.GetRequest" time="3.529" errors="0" timestamp="08 Jul 2023 05:16:31 GMT" skipped="0">
  <testcase classname="restAPI.GetRequest" name="test1" time="3.529"/>
</testsuite> <!-- restAPI.GetRequest -->
