<?xml version="1.0" encoding="UTF-8"?>
<!-- Generated by org.testng.reporters.JUnitReportReporter -->
<testsuite hostname="DESKTOP-JRLDGJM" failures="0" tests="1" name="github.CreateRepo" time="3.908" errors="0" timestamp="08 Jul 2023 07:04:17 GMT" skipped="0">
  <testcase classname="github.CreateRepo" name="test1" time="3.908"/>
</testsuite> <!-- github.CreateRepo -->
