<?xml version="1.0" encoding="UTF-8"?>
<!-- Generated by org.testng.reporters.JUnitReportReporter -->
<testsuite hostname="DESKTOP-JRLDGJM" failures="0" tests="1" name="restAPI.PostRequestWithMap" time="3.524" errors="0" timestamp="08 Jul 2023 04:47:07 GMT" skipped="0">
  <testcase classname="restAPI.PostRequestWithMap" name="test1" time="3.524"/>
</testsuite> <!-- restAPI.PostRequestWithMap -->
