<?xml version="1.0" encoding="UTF-8"?>
<!-- Generated by org.testng.reporters.JUnitReportReporter -->
<testsuite hostname="DESKTOP-JRLDGJM" failures="0" tests="1" name="restAPI.PostRequestWithJsonObject" time="2.981" errors="0" timestamp="08 Jul 2023 04:58:34 GMT" skipped="0">
  <testcase classname="restAPI.PostRequestWithJsonObject" name="test1" time="2.981"/>
</testsuite> <!-- restAPI.PostRequestWithJsonObject -->
