<?xml version="1.0" encoding="UTF-8"?>
<!-- Generated by org.testng.reporters.JUnitReportReporter -->
<testsuite hostname="DESKTOP-JRLDGJM" failures="0" tests="1" name="restAPIBDD.PostRequestBDD" time="3.459" errors="0" timestamp="09 Jul 2023 04:46:53 GMT" skipped="0">
  <testcase classname="restAPIBDD.PostRequestBDD" name="test1" time="3.459"/>
</testsuite> <!-- restAPIBDD.PostRequestBDD -->
