<?xml version="1.0" encoding="UTF-8"?>
<!-- Generated by org.testng.reporters.JUnitReportReporter -->
<testsuite hostname="DESKTOP-JRLDGJM" failures="0" tests="1" name="springbootApp.GetAllEmployee" time="4.547" errors="0" timestamp="08 Jul 2023 06:35:27 GMT" skipped="0">
  <testcase classname="springbootApp.GetAllEmployee" name="test1" time="4.547"/>
</testsuite> <!-- springbootApp.GetAllEmployee -->
