<?xml version="1.0" encoding="UTF-8"?>
<!-- Generated by org.testng.reporters.JUnitReportReporter -->
<testsuite hostname="DESKTOP-JRLDGJM" failures="0" tests="1" name="restAPI.PutRequestwithMap" time="3.443" errors="0" timestamp="08 Jul 2023 05:52:29 GMT" skipped="0">
  <testcase classname="restAPI.PutRequestwithMap" name="test1" time="3.443"/>
</testsuite> <!-- restAPI.PutRequestwithMap -->
