<?xml version="1.0" encoding="UTF-8"?>
<!-- Generated by org.testng.reporters.JUnitReportReporter -->
<testsuite hostname="DESKTOP-JRLDGJM" failures="0" tests="1" name="restAPIXML.XMLTest" time="5.906" errors="0" timestamp="09 Jul 2023 06:06:06 GMT" skipped="0">
  <testcase classname="restAPIXML.XMLTest" name="test2" time="5.906"/>
</testsuite> <!-- restAPIXML.XMLTest -->
